config.txg
<nil>skel/colors.txt
<nil>lcolor green 0 255 0 255
loading color : green 0 255 0 255

[][]
lcolor blue 0 0 255 255
loading color : blue 0 0 255 255

[][]
lcolor red 255 0 0 255
loading color : red 255 0 0 255

[][]
lcolor darkstone 100 100 100 255
loading color : darkstone 100 100 100 255

[][]
lcolor stone 146 146 146 255
loading color : stone 146 146 146 255

[][]
lcolor lightstone 190 190 190 255
loading color : lightstone 190 190 190 255

[][]
lcolor darkearth 105 93 84 255
loading color : darkearth 105 93 84 255

[][]
lcolor earth 145 134 126 255
loading color : earth 145 134 126 255

[][]
lcolor lightearth 189 182 176 255
loading color : lightearth 189 182 176 255

[][]
lcolor clay 81 62 62 255
loading color : clay 81 62 62 255

[][]
lcolor plum 132 109 116 255
loading color : plum 132 109 116 255

[][]
lcolor violet 183 166 173 255
loading color : violet 183 166 173 255

[][]
lcolor moss 60 91 89 255
loading color : moss 60 91 89 255

[][]
lcolor water 79 141 151 255
loading color : water 79 141 151 255

[][]
lcolor mud 116 134 142 255
loading color : mud 116 134 142 255

[][]
lcolor black 0 0 0 255
loading color : black 0 0 0 255

[][]
lcolor moist 0 62 81 255
loading color : moist 0 62 81 255

[][]
lcolor wet 88 121 146 255
loading color : wet 88 121 146 255

[][]
lcolor darksand 255 134 66 255
loading color : darksand 255 134 66 255

[][]
lcolor redsand 195 54 44 255
loading color : redsand 195 54 44 255

[][]
lcolor lightsand 244 220 181 255
loading color : lightsand 244 220 181 255

[][]
lcolor dirt 129 108 91 255
loading color : dirt 129 108 91 255

[][]
lcolor dust 195 183 172 255
loading color : dust 195 183 172 255

[][]
lcolor darkwood 80 40 18 255
loading color : darkwood 80 40 18 255

[][]
lcolor medwood 96 54 35 255
loading color : medwood 96 54 35 255

[][]
lcolor lightwood 133 87 35 255
loading color : lightwood 133 87 35 255

[][]
lcolor accentwood 137 32 52 255
loading color : accentwood 137 32 52 255

[][]
lcolor darkflesh 121 63 13 255
loading color : darkflesh 121 63 13 255

[][]
lcolor brownflesh 172 112 61 255
loading color : brownflesh 172 112 61 255

[][]
lcolor medflesh 195 142 99 255
loading color : medflesh 195 142 99 255

[][]
lcolor tanflesh 228 153 105 255
loading color : tanflesh 228 153 105 255

[][]
lcolor lightflesh 229 174 134 255
loading color : lightflesh 229 174 134 255

[][]
lcolor palelesh 238 197 169 255
loading color : palelesh 238 197 169 255

[][]
lcolor darkleaf 110 118 73 255
loading color : darkleaf 110 118 73 255

[][]
lcolor greenish 157 151 84 255
loading color : greenish 157 151 84 255

[][]
lcolor leaf 199 195 151 255
loading color : leaf 199 195 151 255

[][]
lcolor brick 202 0 42 255
loading color : brick 202 0 42 255

[][]
lcolor lava 255 17 0 255
loading color : lava 255 17 0 255

[][]
lcolor fire 161 40 48 255
loading color : fire 161 40 48 255

[][]
skel/arms.txt
<nil>rect 5 7 4 18
 scolor leaf green darkleaf
color selections :   leaf green darkleafcolor palette : 39selecting color : greenRGBT :  : green : 0 : 255 : 0 : 255 

[[[5 7] [6 7] [7 7] [8 7] [5 8] [6 8] [7 8] [8 8] [5 9] [6 9] [7 9] [8 9] [5 10] [6 10] [7 10] [8 10] [5 11] [6 11] [7 11] [8 11] [5 12] [6 12] [7 12] [8 12] [5 13] [6 13] [7 13] [8 13] [5 14] [6 14] [7 14] [8 14] [5 15] [6 15] [7 15] [8 15] [5 16] [6 16] [7 16] [8 16] [5 17] [6 17] [7 17] [8 17] [5 18] [6 18] [7 18] [8 18] [5 19] [6 19] [7 19] [8 19] [5 20] [6 20] [7 20] [8 20] [5 21] [6 21] [7 21] [8 21] [5 22] [6 22] [7 22] [8 22] [5 23] [6 23] [7 23] [8 23] [5 24] [6 24] [7 24] [8 24]]][0 255 0 255]
imagesetrect 5 25 4 4
 scolor medflesh tanflesh lightflesh
color selections :   medflesh tanflesh lightfleshcolor palette : 39selecting color : medfleshRGBT :  : medflesh : 195 : 142 : 99 : 255 

[[[5 25] [6 25] [7 25] [8 25] [5 26] [6 26] [7 26] [8 26] [5 27] [6 27] [7 27] [8 27] [5 28] [6 28] [7 28] [8 28]]][195 142 99 255]
imagesetrect 23 7 4 18
 scolor leaf green darkleaf
color selections :   leaf green darkleafcolor palette : 39selecting color : darkleafRGBT :  : darkleaf : 110 : 118 : 73 : 255 

[[[23 7] [24 7] [25 7] [26 7] [23 8] [24 8] [25 8] [26 8] [23 9] [24 9] [25 9] [26 9] [23 10] [24 10] [25 10] [26 10] [23 11] [24 11] [25 11] [26 11] [23 12] [24 12] [25 12] [26 12] [23 13] [24 13] [25 13] [26 13] [23 14] [24 14] [25 14] [26 14] [23 15] [24 15] [25 15] [26 15] [23 16] [24 16] [25 16] [26 16] [23 17] [24 17] [25 17] [26 17] [23 18] [24 18] [25 18] [26 18] [23 19] [24 19] [25 19] [26 19] [23 20] [24 20] [25 20] [26 20] [23 21] [24 21] [25 21] [26 21] [23 22] [24 22] [25 22] [26 22] [23 23] [24 23] [25 23] [26 23] [23 24] [24 24] [25 24] [26 24]]][110 118 73 255]
imagesetrect 23 25 4 4
 scolor medflesh tanflesh lightflesh
color selections :   medflesh tanflesh lightfleshcolor palette : 39selecting color : lightfleshRGBT :  : lightflesh : 229 : 174 : 134 : 255 

[[[23 25] [24 25] [25 25] [26 25] [23 26] [24 26] [25 26] [26 26] [23 27] [24 27] [25 27] [26 27] [23 28] [24 28] [25 28] [26 28]]][229 174 134 255]
imageset